******************************************************************************
MODIS Reprojection Tool Swath (v2.2 September 2010)
Start Time:  Tue Mar 21 15:45:54 2017
------------------------------------------------------------------

General processing info
-----------------------
input_filename:          /home/rink/data/VL1BM_snpp_d20170311_t174800_c20170311225807.nc
geoloc_filename:         /home/rink/data/VGEOM_snpp_d20170311_t174800_c20170311225827.nc
output_filename:         /home/rink/tmp
output_filetype:         GEOTIFF
output_projection_type:  Lambert Azimuthal Equal Area
output_ellipsoid:        GRS 1980/WGS 84
output_datum:            No Datum
resampling_type:         NN
output projection parameters: 0.00 0.00 0.00 0.00 0.00 0.00 0.00 0.00 0.00 0.00 0.00 0.00 0.00 0.00 0.00 

     SDS name                      #bands in SDS    #bands to process
  1) observation_data/M03                  1               1


Processing observation_data/M03 ...
  output lines/samples: 4360 5604
  output pixel size: 780.0000
  output data type: same as input
  output upper left corner: lat   39.22437907  long -126.74203443
  output lower right corner: lat   38.37839683  long  -36.20485659
  input lines/samples: 3232 3200
  input resolution: 780 m
  %% complete: 0% 10% 20% 30% 40% 50% 60% 70% 80% 90% 100%

End Time:  Tue Mar 21 15:46:01 2017
Finished processing!
******************************************************************************
